[handleMsg]:  {
  key: {
    remoteJid: '51917641085@s.whatsapp.net',
    fromMe: false,
    id: 'BAE5BC2E0876375B',
    participant: undefined
  },
  messageTimestamp: 1702503976,
  pushName: 'D',
  broadcast: false,
  message: Message {
    extendedTextMessage: ExtendedTextMessage {
      text: '*PROSEGUR*\n' +
        '🚨 Le informa que ha tenido *un evento de alarma* en su predio ubicado en CONTACTO, por lo \n' +
        'que hemos intentado comunicarnos con los miembros de su lista de contactos de emergencia *SIN*\n' +
        '*ÉXITO*.\n' +
        '\n' +
        'Asimismo, hemos aplicado el protocolo correspondiente ✅ al evento de alarma recibido. Para \n' +
        'mayor información comunicarse con nuestra Central de Atención al Cliente *(01)5138686* o WSP \n' +
        '*Aquí:* https://wa.link/nzs8br.\n' +
        '\n' +
        '📌 Ten en cuenta que toda comunicación de nuestra *Central de Monitoreo* será a través del *531-*\n' +
        '*3150*, es importante que guardes el número en tus contactos.\n' +
        ' \n' +
        '*_Por favor no responder a este número ya que está destinado únicamente para fines_*\n' +
        '*_informativos._*\n' +
        '_del negocio.\n' +
        '*_PROSEGUR ACTIVA PERÚ S.A. -20517930998_*'
    }
  },
  body: '*PROSEGUR*\n' +
    '🚨 Le informa que ha tenido *un evento de alarma* en su predio ubicado en CONTACTO, por lo \n' +
    'que hemos intentado comunicarnos con los miembros de su lista de contactos de emergencia *SIN*\n' +
    '*ÉXITO*.\n' +
    '\n' +
    'Asimismo, hemos aplicado el protocolo correspondiente ✅ al evento de alarma recibido. Para \n' +
    'mayor información comunicarse con nuestra Central de Atención al Cliente *(01)5138686* o WSP \n' +
    '*Aquí:* https://wa.link/nzs8br.\n' +
    '\n' +
    '📌 Ten en cuenta que toda comunicación de nuestra *Central de Monitoreo* será a través del *531-*\n' +
    '*3150*, es importante que guardes el número en tus contactos.\n' +
    ' \n' +
    '*_Por favor no responder a este número ya que está destinado únicamente para fines_*\n' +
    '*_informativos._*\n' +
    '_del negocio.\n' +
    '*_PROSEGUR ACTIVA PERÚ S.A. -20517930998_*',
  from: '51917641085'
}
[handleMsg]:  {
  key: {
    remoteJid: '51917641085@s.whatsapp.net',
    fromMe: false,
    id: 'BAE5F4EF2F50310F',
    participant: undefined
  },
  messageTimestamp: 1702503976,
  pushName: 'D',
  broadcast: false,
  message: Message {
    extendedTextMessage: ExtendedTextMessage {
      text: '*PROSEGUR*\n' +
        '🚨 Le informa que ha tenido *un evento de alarma* en su predio ubicado en CONTACTO, por lo \n' +
        'que hemos intentado comunicarnos con los miembros de su lista de contactos de emergencia *SIN*\n' +
        '*ÉXITO*.\n' +
        '\n' +
        'Asimismo, hemos aplicado el protocolo correspondiente ✅ al evento de alarma recibido. Para \n' +
        'mayor información comunicarse con nuestra Central de Atención al Cliente *(01)5138686* o WSP \n' +
        '*Aquí:* https://wa.link/nzs8br.\n' +
        '\n' +
        '📌 Ten en cuenta que toda comunicación de nuestra *Central de Monitoreo* será a través del *531-*\n' +
        '*3150*, es importante que guardes el número en tus contactos.\n' +
        ' \n' +
        '*_Por favor no responder a este número ya que está destinado únicamente para fines_*\n' +
        '*_informativos._*\n' +
        '_del negocio.\n' +
        '*_PROSEGUR ACTIVA PERÚ S.A. -20517930998_*'
    }
  },
  body: '*PROSEGUR*\n' +
    '🚨 Le informa que ha tenido *un evento de alarma* en su predio ubicado en CONTACTO, por lo \n' +
    'que hemos intentado comunicarnos con los miembros de su lista de contactos de emergencia *SIN*\n' +
    '*ÉXITO*.\n' +
    '\n' +
    'Asimismo, hemos aplicado el protocolo correspondiente ✅ al evento de alarma recibido. Para \n' +
    'mayor información comunicarse con nuestra Central de Atención al Cliente *(01)5138686* o WSP \n' +
    '*Aquí:* https://wa.link/nzs8br.\n' +
    '\n' +
    '📌 Ten en cuenta que toda comunicación de nuestra *Central de Monitoreo* será a través del *531-*\n' +
    '*3150*, es importante que guardes el número en tus contactos.\n' +
    ' \n' +
    '*_Por favor no responder a este número ya que está destinado únicamente para fines_*\n' +
    '*_informativos._*\n' +
    '_del negocio.\n' +
    '*_PROSEGUR ACTIVA PERÚ S.A. -20517930998_*',
  from: '51917641085'
}
[handleMsg]:  {
  key: {
    remoteJid: '51917641085@s.whatsapp.net',
    fromMe: false,
    id: 'BAE50D309113D19E',
    participant: undefined
  },
  messageTimestamp: 1702503991,
  pushName: 'D',
  broadcast: false,
  message: Message {
    extendedTextMessage: ExtendedTextMessage {
      text: '*PROSEGUR*\n' +
        '🚨 Le informa que ha tenido *un evento de alarma* en su predio ubicado en CONTACTO, por lo \n' +
        'que hemos intentado comunicarnos con los miembros de su lista de contactos de emergencia *SIN*\n' +
        '*ÉXITO*.\n' +
        '\n' +
        'Asimismo, hemos aplicado el protocolo correspondiente ✅ al evento de alarma recibido. Para \n' +
        'mayor información comunicarse con nuestra Central de Atención al Cliente *(01)5138686* o WSP \n' +
        '*Aquí:* https://wa.link/nzs8br.\n' +
        '\n' +
        '📌 Ten en cuenta que toda comunicación de nuestra *Central de Monitoreo* será a través del *531-*\n' +
        '*3150*, es importante que guardes el número en tus contactos.\n' +
        ' \n' +
        '*_Por favor no responder a este número ya que está destinado únicamente para fines_*\n' +
        '*_informativos._*\n' +
        '_del negocio.\n' +
        '*_PROSEGUR ACTIVA PERÚ S.A. -20517930998_*'
    }
  },
  body: '*PROSEGUR*\n' +
    '🚨 Le informa que ha tenido *un evento de alarma* en su predio ubicado en CONTACTO, por lo \n' +
    'que hemos intentado comunicarnos con los miembros de su lista de contactos de emergencia *SIN*\n' +
    '*ÉXITO*.\n' +
    '\n' +
    'Asimismo, hemos aplicado el protocolo correspondiente ✅ al evento de alarma recibido. Para \n' +
    'mayor información comunicarse con nuestra Central de Atención al Cliente *(01)5138686* o WSP \n' +
    '*Aquí:* https://wa.link/nzs8br.\n' +
    '\n' +
    '📌 Ten en cuenta que toda comunicación de nuestra *Central de Monitoreo* será a través del *531-*\n' +
    '*3150*, es importante que guardes el número en tus contactos.\n' +
    ' \n' +
    '*_Por favor no responder a este número ya que está destinado únicamente para fines_*\n' +
    '*_informativos._*\n' +
    '_del negocio.\n' +
    '*_PROSEGUR ACTIVA PERÚ S.A. -20517930998_*',
  from: '51917641085'
}
[handleMsg]:  {
  key: {
    remoteJid: '51917641085@s.whatsapp.net',
    fromMe: false,
    id: 'BAE52EC1C59BB8E3',
    participant: undefined
  },
  messageTimestamp: 1702503991,
  pushName: 'D',
  broadcast: false,
  message: Message {
    extendedTextMessage: ExtendedTextMessage {
      text: '*PROSEGUR*\n' +
        '🚨 Le informa que ha tenido *un evento de alarma* en su predio ubicado en CONTACTO, por lo \n' +
        'que hemos intentado comunicarnos con los miembros de su lista de contactos de emergencia *SIN*\n' +
        '*ÉXITO*.\n' +
        '\n' +
        'Asimismo, hemos aplicado el protocolo correspondiente ✅ al evento de alarma recibido. Para \n' +
        'mayor información comunicarse con nuestra Central de Atención al Cliente *(01)5138686* o WSP \n' +
        '*Aquí:* https://wa.link/nzs8br.\n' +
        '\n' +
        '📌 Ten en cuenta que toda comunicación de nuestra *Central de Monitoreo* será a través del *531-*\n' +
        '*3150*, es importante que guardes el número en tus contactos.\n' +
        ' \n' +
        '*_Por favor no responder a este número ya que está destinado únicamente para fines_*\n' +
        '*_informativos._*\n' +
        '_del negocio.\n' +
        '*_PROSEGUR ACTIVA PERÚ S.A. -20517930998_*'
    }
  },
  body: '*PROSEGUR*\n' +
    '🚨 Le informa que ha tenido *un evento de alarma* en su predio ubicado en CONTACTO, por lo \n' +
    'que hemos intentado comunicarnos con los miembros de su lista de contactos de emergencia *SIN*\n' +
    '*ÉXITO*.\n' +
    '\n' +
    'Asimismo, hemos aplicado el protocolo correspondiente ✅ al evento de alarma recibido. Para \n' +
    'mayor información comunicarse con nuestra Central de Atención al Cliente *(01)5138686* o WSP \n' +
    '*Aquí:* https://wa.link/nzs8br.\n' +
    '\n' +
    '📌 Ten en cuenta que toda comunicación de nuestra *Central de Monitoreo* será a través del *531-*\n' +
    '*3150*, es importante que guardes el número en tus contactos.\n' +
    ' \n' +
    '*_Por favor no responder a este número ya que está destinado únicamente para fines_*\n' +
    '*_informativos._*\n' +
    '_del negocio.\n' +
    '*_PROSEGUR ACTIVA PERÚ S.A. -20517930998_*',
  from: '51917641085'
}
