{"level":"info","message":"Connect to number : 51900262844","timestamp":"2023-12-03 22:28:51"}
{"level":"info","message":"Connect to number : 51917641085","timestamp":"2023-12-03 22:28:51"}
{"level":"info","message":"RabbitMQ connected","timestamp":"2023-12-03 22:28:53"}
{"level":"info","message":"RABBITMQ : queue : messagesPending-51900262844","timestamp":"2023-12-03 22:28:53"}
{"level":"info","message":"RABBITMQ : queue : messagesPending-51917641085","timestamp":"2023-12-03 22:28:53"}
{"level":"info","message":"MongoDB connected","timestamp":"2023-12-03 22:28:55"}
{"level":"info","message":"Connection to MongoDB closed","timestamp":"2023-12-03 22:29:04"}
{"level":"info","message":"Connect to number : 51900262844","timestamp":"2023-12-03 22:30:59"}
{"level":"info","message":"Connect to number : 51917641085","timestamp":"2023-12-03 22:30:59"}
{"level":"info","message":"RabbitMQ connected","timestamp":"2023-12-03 22:31:01"}
{"level":"info","message":"RABBITMQ : queue : messagesPending-51900262844","timestamp":"2023-12-03 22:31:01"}
{"level":"info","message":"RABBITMQ : queue : messagesPending-51917641085","timestamp":"2023-12-03 22:31:01"}
{"level":"info","message":"MongoDB connected","timestamp":"2023-12-03 22:31:04"}
{"level":"info","message":"Connection to MongoDB closed","timestamp":"2023-12-03 22:31:12"}
{"level":"info","message":"Service Windows RabbitMQBackgroundJobsMessengerService from 51900262844-51917641085 Started","timestamp":"2023-12-03 22:33:42"}
{"level":"info","message":"Connect to number : 51900262844","timestamp":"2023-12-03 22:33:43"}
{"level":"info","message":"Connect to number : 51917641085","timestamp":"2023-12-03 22:33:43"}
{"level":"info","message":"RabbitMQ connected","timestamp":"2023-12-03 22:33:45"}
{"level":"info","message":"RABBITMQ : queue : messagesPending-51900262844","timestamp":"2023-12-03 22:33:45"}
{"level":"info","message":"RABBITMQ : queue : messagesPending-51917641085","timestamp":"2023-12-03 22:33:45"}
{"level":"info","message":"MongoDB connected","timestamp":"2023-12-03 22:33:48"}
{"level":"info","message":"Service Windows RabbitMQBackgroundJobsMessengerService from 51900262844-51917641085 uninstalled successfully","timestamp":"2023-12-03 22:34:16"}
{"level":"info","message":"Connect to number : 51900262844","timestamp":"2023-12-03 23:06:41"}
{"level":"info","message":"Connect to number : 51917641085","timestamp":"2023-12-03 23:06:41"}
{"level":"info","message":"RabbitMQ connected","timestamp":"2023-12-03 23:06:44"}
{"level":"info","message":"RabbitMQ consume : messagesPending-51900262844","timestamp":"2023-12-03 23:06:44"}
{"level":"info","message":"RabbitMQ consume : messagesPending-51917641085","timestamp":"2023-12-03 23:06:44"}
{"level":"info","message":"MongoDB connected","timestamp":"2023-12-03 23:06:46"}
{"level":"info","message":"Connection to MongoDB closed","timestamp":"2023-12-03 23:06:50"}
{"level":"info","message":"Connect to number : 51900262844","timestamp":"2023-12-03 23:16:43"}
{"level":"info","message":"Connect to number : 51917641085","timestamp":"2023-12-03 23:16:43"}
{"level":"info","message":"RabbitMQ connected","timestamp":"2023-12-03 23:16:45"}
{"level":"info","message":"RabbitMQ consume : messagesPending-51900262844","timestamp":"2023-12-03 23:16:45"}
{"level":"info","message":"RabbitMQ consume : messagesPending-51917641085","timestamp":"2023-12-03 23:16:45"}
{"level":"info","message":"MongoDB connected","timestamp":"2023-12-03 23:16:47"}
{"level":"info","message":"Connection to MongoDB closed","timestamp":"2023-12-03 23:16:47"}
{"level":"info","message":"Connect to number : 51900262844","timestamp":"2023-12-03 23:17:18"}
{"level":"info","message":"Connect to number : 51917641085","timestamp":"2023-12-03 23:17:18"}
{"level":"info","message":"RabbitMQ connected","timestamp":"2023-12-03 23:17:20"}
{"level":"info","message":"RabbitMQ consume : messagesPending-51900262844","timestamp":"2023-12-03 23:17:21"}
{"level":"info","message":"RabbitMQ consume : messagesPending-51917641085","timestamp":"2023-12-03 23:17:21"}
{"level":"info","message":"MongoDB connected","timestamp":"2023-12-03 23:17:23"}
{"level":"info","message":"Connection to MongoDB closed","timestamp":"2023-12-03 23:17:23"}
{"level":"info","message":"Connect to number : 51900262844","timestamp":"2023-12-03 23:17:38"}
{"level":"info","message":"Connect to number : 51917641085","timestamp":"2023-12-03 23:17:38"}
{"level":"info","message":"RabbitMQ connected","timestamp":"2023-12-03 23:17:41"}
{"level":"info","message":"RabbitMQ consume : messagesPending-51900262844","timestamp":"2023-12-03 23:17:41"}
{"level":"info","message":"RabbitMQ consume : messagesPending-51917641085","timestamp":"2023-12-03 23:17:41"}
{"level":"info","message":"MongoDB connected","timestamp":"2023-12-03 23:17:43"}
{"level":"info","message":"Connection to MongoDB closed","timestamp":"2023-12-03 23:17:43"}
{"level":"info","message":"Connect to number : 51900262844","timestamp":"2023-12-03 23:21:58"}
{"level":"info","message":"Connect to number : 51917641085","timestamp":"2023-12-03 23:21:58"}
{"level":"info","message":"RabbitMQ connected","timestamp":"2023-12-03 23:22:00"}
{"level":"info","message":"RabbitMQ consume : messagesPending-51900262844","timestamp":"2023-12-03 23:22:00"}
{"level":"info","message":"RabbitMQ consume : messagesPending-51917641085","timestamp":"2023-12-03 23:22:00"}
{"level":"info","message":"MongoDB connected","timestamp":"2023-12-03 23:22:03"}
{"level":"info","message":"Connection to MongoDB closed","timestamp":"2023-12-03 23:22:03"}
{"level":"info","message":"Connect to number : 51900262844","timestamp":"2023-12-03 23:22:15"}
{"level":"info","message":"Connect to number : 51917641085","timestamp":"2023-12-03 23:22:15"}
{"level":"info","message":"RabbitMQ connected","timestamp":"2023-12-03 23:22:17"}
{"level":"info","message":"RabbitMQ consume : messagesPending-51900262844","timestamp":"2023-12-03 23:22:17"}
{"level":"info","message":"RabbitMQ consume : messagesPending-51917641085","timestamp":"2023-12-03 23:22:17"}
{"level":"info","message":"MongoDB connected","timestamp":"2023-12-03 23:22:20"}
{"level":"info","message":"Connect to number : 51900262844","timestamp":"2023-12-03 23:22:43"}
{"level":"info","message":"Connect to number : 51917641085","timestamp":"2023-12-03 23:22:43"}
{"level":"info","message":"RabbitMQ connected","timestamp":"2023-12-03 23:22:45"}
{"level":"info","message":"RabbitMQ consume : messagesPending-51900262844","timestamp":"2023-12-03 23:22:45"}
{"level":"info","message":"RabbitMQ consume : messagesPending-51917641085","timestamp":"2023-12-03 23:22:45"}
{"level":"info","message":"MongoDB connected","timestamp":"2023-12-03 23:22:47"}
{"level":"info","message":"Connection to MongoDB closed","timestamp":"2023-12-03 23:22:47"}
{"level":"info","message":"Connect to number : 51900262844","timestamp":"2023-12-03 23:23:39"}
{"level":"info","message":"Connect to number : 51917641085","timestamp":"2023-12-03 23:23:39"}
{"level":"info","message":"RabbitMQ connected","timestamp":"2023-12-03 23:23:42"}
{"level":"info","message":"RabbitMQ consume : messagesPending-51900262844","timestamp":"2023-12-03 23:23:42"}
{"level":"info","message":"RabbitMQ consume : messagesPending-51917641085","timestamp":"2023-12-03 23:23:42"}
{"level":"info","message":"MongoDB connected","timestamp":"2023-12-03 23:23:44"}
{"level":"info","message":"Connection to MongoDB closed","timestamp":"2023-12-03 23:23:44"}
{"level":"info","message":"Connect to number : 51900262844","timestamp":"2023-12-04 10:47:04"}
{"level":"info","message":"Connect to number : 51917641085","timestamp":"2023-12-04 10:47:04"}
{"level":"info","message":"RabbitMQ connected","timestamp":"2023-12-04 10:47:07"}
{"level":"info","message":"RabbitMQ consume : messagesPending-51900262844","timestamp":"2023-12-04 10:47:07"}
{"level":"info","message":"RabbitMQ consume : messagesPending-51917641085","timestamp":"2023-12-04 10:47:07"}
{"level":"info","message":"MongoDB connected","timestamp":"2023-12-04 10:47:10"}
{"level":"info","message":"Connection to MongoDB closed","timestamp":"2023-12-04 10:47:10"}
{"level":"info","message":"Service Windows BackgroundJobsMessengerServiceConsumerRabbitMQ from 51900262844-51917641085 Started","timestamp":"2023-12-05 21:35:38"}
{"level":"info","message":"Connect to number : 51900262844","timestamp":"2023-12-05 21:35:41"}
{"level":"info","message":"Connect to number : 51917641085","timestamp":"2023-12-05 21:35:41"}
{"level":"info","message":"RabbitMQ connected","timestamp":"2023-12-05 21:35:43"}
{"level":"info","message":"RabbitMQ consume : messagesPending-51900262844","timestamp":"2023-12-05 21:35:43"}
{"level":"info","message":"RabbitMQ consume : messagesPending-51917641085","timestamp":"2023-12-05 21:35:43"}
{"level":"info","message":"MongoDB connected","timestamp":"2023-12-05 21:35:46"}
{"level":"info","message":"Connect to number : 51900262844","timestamp":"2023-12-06 02:04:23"}
{"level":"info","message":"Connect to number : 51917641085","timestamp":"2023-12-06 02:04:23"}
{"level":"info","message":"RabbitMQ connected","timestamp":"2023-12-06 02:04:25"}
{"level":"info","message":"RabbitMQ consume : messagesPending-51900262844","timestamp":"2023-12-06 02:04:25"}
{"level":"info","message":"RabbitMQ consume : messagesPending-51917641085","timestamp":"2023-12-06 02:04:25"}
{"level":"info","message":"MongoDB connected","timestamp":"2023-12-06 02:04:28"}
{"level":"info","message":"Connection to MongoDB closed","timestamp":"2023-12-06 08:26:40"}
{"level":"info","message":"Connect to number : 51900262844","timestamp":"2023-12-06 08:26:45"}
{"level":"info","message":"Connect to number : 51917641085","timestamp":"2023-12-06 08:26:45"}
{"level":"info","message":"RabbitMQ connected","timestamp":"2023-12-06 08:26:47"}
{"level":"info","message":"RabbitMQ consume : messagesPending-51900262844","timestamp":"2023-12-06 08:26:47"}
{"level":"info","message":"RabbitMQ consume : messagesPending-51917641085","timestamp":"2023-12-06 08:26:47"}
{"level":"info","message":"MongoDB connected","timestamp":"2023-12-06 08:26:51"}
{"level":"info","message":"Connect to number : 51900262844","timestamp":"2023-12-07 11:35:04"}
{"level":"info","message":"Connect to number : 51917641085","timestamp":"2023-12-07 11:35:04"}
{"level":"info","message":"RabbitMQ connected","timestamp":"2023-12-07 11:35:06"}
{"level":"info","message":"RabbitMQ consume : messagesPending-51900262844","timestamp":"2023-12-07 11:35:06"}
{"level":"info","message":"RabbitMQ consume : messagesPending-51917641085","timestamp":"2023-12-07 11:35:06"}
{"level":"info","message":"MongoDB connected","timestamp":"2023-12-07 11:35:11"}
{"level":"info","message":"Connection to MongoDB closed","timestamp":"2023-12-07 22:00:06"}
{"level":"info","message":"Connect to number : 51900262844","timestamp":"2023-12-07 22:00:11"}
{"level":"info","message":"Connect to number : 51917641085","timestamp":"2023-12-07 22:00:11"}
{"level":"info","message":"RabbitMQ connected","timestamp":"2023-12-07 22:00:13"}
{"level":"info","message":"RabbitMQ consume : messagesPending-51900262844","timestamp":"2023-12-07 22:00:13"}
{"level":"info","message":"RabbitMQ consume : messagesPending-51917641085","timestamp":"2023-12-07 22:00:13"}
{"level":"info","message":"MongoDB connected","timestamp":"2023-12-07 22:00:15"}
{"level":"info","message":"Connect to number : 51900262844","timestamp":"2023-12-07 22:00:28"}
{"level":"info","message":"Connect to number : 51917641085","timestamp":"2023-12-07 22:00:28"}
{"level":"info","message":"RabbitMQ connected","timestamp":"2023-12-07 22:00:30"}
{"level":"info","message":"RabbitMQ consume : messagesPending-51900262844","timestamp":"2023-12-07 22:00:30"}
{"level":"info","message":"RabbitMQ consume : messagesPending-51917641085","timestamp":"2023-12-07 22:00:30"}
{"level":"info","message":"MongoDB connected","timestamp":"2023-12-07 22:00:32"}
{"level":"info","message":"Connection to MongoDB closed","timestamp":"2023-12-08 10:08:03"}
{"level":"info","message":"Connect to number : 51900262844","timestamp":"2023-12-08 10:08:14"}
{"level":"info","message":"Connect to number : 51917641085","timestamp":"2023-12-08 10:08:14"}
{"level":"info","message":"RabbitMQ connected","timestamp":"2023-12-08 10:08:16"}
{"level":"info","message":"RabbitMQ consume : messagesPending-51900262844","timestamp":"2023-12-08 10:08:16"}
{"level":"info","message":"RabbitMQ consume : messagesPending-51917641085","timestamp":"2023-12-08 10:08:16"}
{"level":"info","message":"MongoDB connected","timestamp":"2023-12-08 10:08:18"}
{"level":"info","message":"Connect to number : 51900262844","timestamp":"2023-12-09 16:24:14"}
{"level":"info","message":"Connect to number : 51917641085","timestamp":"2023-12-09 16:24:14"}
{"level":"info","message":"RabbitMQ connected","timestamp":"2023-12-09 16:24:17"}
{"level":"info","message":"RabbitMQ consume : messagesPending-51900262844","timestamp":"2023-12-09 16:24:17"}
{"level":"info","message":"RabbitMQ consume : messagesPending-51917641085","timestamp":"2023-12-09 16:24:17"}
{"level":"info","message":"MongoDB connected","timestamp":"2023-12-09 16:24:21"}
{"level":"info","message":"Connect to number : 51900262844","timestamp":"2023-12-09 16:24:42"}
{"level":"info","message":"Connect to number : 51917641085","timestamp":"2023-12-09 16:24:42"}
{"level":"info","message":"RabbitMQ connected","timestamp":"2023-12-09 16:24:44"}
{"level":"info","message":"RabbitMQ consume : messagesPending-51900262844","timestamp":"2023-12-09 16:24:44"}
{"level":"info","message":"RabbitMQ consume : messagesPending-51917641085","timestamp":"2023-12-09 16:24:44"}
{"level":"info","message":"MongoDB connected","timestamp":"2023-12-09 16:24:46"}
{"level":"info","message":"Connect to number : 51900262844","timestamp":"2023-12-12 08:06:47"}
{"level":"info","message":"Connect to number : 51917641085","timestamp":"2023-12-12 08:06:47"}
{"level":"info","message":"RabbitMQ connected","timestamp":"2023-12-12 08:06:49"}
{"level":"info","message":"RabbitMQ consume : messagesPending-51900262844","timestamp":"2023-12-12 08:06:49"}
{"level":"info","message":"RabbitMQ consume : messagesPending-51917641085","timestamp":"2023-12-12 08:06:49"}
{"level":"info","message":"MongoDB connected","timestamp":"2023-12-12 08:06:52"}
{"level":"info","message":"Connection to MongoDB closed","timestamp":"2023-12-12 08:07:25"}
{"level":"info","message":"Connect to number : 51900262844","timestamp":"2023-12-12 08:07:48"}
{"level":"info","message":"Connect to number : 51917641085","timestamp":"2023-12-12 08:07:48"}
{"level":"info","message":"RabbitMQ connected","timestamp":"2023-12-12 08:07:51"}
{"level":"info","message":"RabbitMQ consume : messagesPending-51900262844","timestamp":"2023-12-12 08:07:51"}
{"level":"info","message":"RabbitMQ consume : messagesPending-51917641085","timestamp":"2023-12-12 08:07:51"}
{"level":"info","message":"MongoDB connected","timestamp":"2023-12-12 08:07:53"}
{"level":"info","message":"Connection to MongoDB closed","timestamp":"2023-12-12 08:29:56"}
{"level":"info","message":"Connect to number : 51900262844","timestamp":"2023-12-12 08:51:31"}
{"level":"info","message":"Connect to number : 51917641085","timestamp":"2023-12-12 08:51:31"}
{"level":"info","message":"RabbitMQ connected","timestamp":"2023-12-12 08:51:33"}
{"level":"info","message":"RabbitMQ consume : messagesPending-51900262844","timestamp":"2023-12-12 08:51:33"}
{"level":"info","message":"RabbitMQ consume : messagesPending-51917641085","timestamp":"2023-12-12 08:51:33"}
{"level":"info","message":"MongoDB connected","timestamp":"2023-12-12 08:51:36"}
{"level":"info","message":"Connection to MongoDB closed","timestamp":"2023-12-12 08:51:36"}
{"level":"info","message":"Connect to number : 51900262844","timestamp":"2023-12-13 15:17:27"}
{"level":"info","message":"Connect to number : 51917641085","timestamp":"2023-12-13 15:17:27"}
{"level":"info","message":"RabbitMQ connected","timestamp":"2023-12-13 15:17:30"}
{"level":"info","message":"RabbitMQ consume : messagesPending-51900262844","timestamp":"2023-12-13 15:17:30"}
{"level":"info","message":"RabbitMQ consume : messagesPending-51917641085","timestamp":"2023-12-13 15:17:30"}
{"level":"info","message":"MongoDB connected","timestamp":"2023-12-13 15:17:32"}
{"level":"info","message":"Connect to number : 51900262844","timestamp":"2023-12-13 15:39:15"}
{"level":"info","message":"Connect to number : 51917641085","timestamp":"2023-12-13 15:39:15"}
{"level":"info","message":"RabbitMQ connected","timestamp":"2023-12-13 15:39:17"}
{"level":"info","message":"RabbitMQ consume : messagesPending-51900262844","timestamp":"2023-12-13 15:39:17"}
{"level":"info","message":"RabbitMQ consume : messagesPending-51917641085","timestamp":"2023-12-13 15:39:17"}
{"level":"info","message":"MongoDB connected","timestamp":"2023-12-13 15:39:20"}
{"level":"info","message":"Connection to MongoDB closed","timestamp":"2023-12-13 15:45:54"}
{"level":"info","message":"Connect to number : 51900262844","timestamp":"2023-12-13 15:46:02"}
{"level":"info","message":"Connect to number : 51917641085","timestamp":"2023-12-13 15:46:02"}
{"level":"info","message":"RabbitMQ connected","timestamp":"2023-12-13 15:46:04"}
{"level":"info","message":"RabbitMQ consume : messagesPending-51900262844","timestamp":"2023-12-13 15:46:04"}
{"level":"info","message":"RabbitMQ consume : messagesPending-51917641085","timestamp":"2023-12-13 15:46:04"}
{"level":"info","message":"MongoDB connected","timestamp":"2023-12-13 15:46:07"}
{"level":"info","message":"Connection to MongoDB closed","timestamp":"2023-12-13 15:46:07"}
{"level":"info","message":"Connect to number : 51900262844","timestamp":"2023-12-13 15:46:18"}
{"level":"info","message":"Connect to number : 51917641085","timestamp":"2023-12-13 15:46:18"}
{"level":"info","message":"RabbitMQ connected","timestamp":"2023-12-13 15:46:20"}
{"level":"info","message":"RabbitMQ consume : messagesPending-51900262844","timestamp":"2023-12-13 15:46:20"}
{"level":"info","message":"RabbitMQ consume : messagesPending-51917641085","timestamp":"2023-12-13 15:46:20"}
{"level":"info","message":"MongoDB connected","timestamp":"2023-12-13 15:46:23"}
{"level":"info","message":"Connection to MongoDB closed","timestamp":"2023-12-13 15:51:03"}
{"level":"info","message":"Connect to number : 51900262844","timestamp":"2023-12-13 15:51:08"}
{"level":"info","message":"Connect to number : 51917641085","timestamp":"2023-12-13 15:51:08"}
{"level":"info","message":"RabbitMQ connected","timestamp":"2023-12-13 15:51:10"}
{"level":"info","message":"RabbitMQ consume : messagesPending-51900262844","timestamp":"2023-12-13 15:51:10"}
{"level":"info","message":"RabbitMQ consume : messagesPending-51917641085","timestamp":"2023-12-13 15:51:10"}
{"level":"info","message":"MongoDB connected","timestamp":"2023-12-13 15:51:13"}
{"level":"info","message":"Connect to number : 51900262844","timestamp":"2023-12-13 15:51:29"}
{"level":"info","message":"Connect to number : 51917641085","timestamp":"2023-12-13 15:51:29"}
{"level":"info","message":"RabbitMQ connected","timestamp":"2023-12-13 15:51:32"}
{"level":"info","message":"RabbitMQ consume : messagesPending-51900262844","timestamp":"2023-12-13 15:51:32"}
{"level":"info","message":"RabbitMQ consume : messagesPending-51917641085","timestamp":"2023-12-13 15:51:32"}
{"level":"info","message":"MongoDB connected","timestamp":"2023-12-13 15:51:34"}
{"level":"info","message":"Connection to MongoDB closed","timestamp":"2023-12-13 15:52:04"}
{"level":"info","message":"Connect to number : 51900262844","timestamp":"2023-12-13 15:52:07"}
{"level":"info","message":"Connect to number : 51917641085","timestamp":"2023-12-13 15:52:07"}
{"level":"info","message":"RabbitMQ connected","timestamp":"2023-12-13 15:52:09"}
{"level":"info","message":"RabbitMQ consume : messagesPending-51900262844","timestamp":"2023-12-13 15:52:09"}
{"level":"info","message":"RabbitMQ consume : messagesPending-51917641085","timestamp":"2023-12-13 15:52:09"}
{"level":"info","message":"MongoDB connected","timestamp":"2023-12-13 15:52:12"}
{"level":"info","message":"Connection to MongoDB closed","timestamp":"2023-12-13 15:53:30"}
{"level":"info","message":"Connect to number : 51900262844","timestamp":"2023-12-13 15:53:37"}
{"level":"info","message":"Connect to number : 51917641085","timestamp":"2023-12-13 15:53:37"}
{"level":"info","message":"RabbitMQ connected","timestamp":"2023-12-13 15:53:40"}
{"level":"info","message":"RabbitMQ consume : messagesPending-51900262844","timestamp":"2023-12-13 15:53:40"}
{"level":"info","message":"RabbitMQ consume : messagesPending-51917641085","timestamp":"2023-12-13 15:53:40"}
{"level":"info","message":"MongoDB connected","timestamp":"2023-12-13 15:53:42"}
{"level":"info","message":"Connection to MongoDB closed","timestamp":"2023-12-13 15:56:10"}
{"level":"info","message":"Connect to number : 51900262844","timestamp":"2023-12-13 15:56:39"}
{"level":"info","message":"Connect to number : 51917641085","timestamp":"2023-12-13 15:56:39"}
{"level":"info","message":"RabbitMQ connected","timestamp":"2023-12-13 15:56:41"}
{"level":"info","message":"RabbitMQ consume : messagesPending-51900262844","timestamp":"2023-12-13 15:56:41"}
{"level":"info","message":"RabbitMQ consume : messagesPending-51917641085","timestamp":"2023-12-13 15:56:41"}
{"level":"info","message":"MongoDB connected","timestamp":"2023-12-13 15:56:44"}
{"level":"info","message":"Connect to number : 51900262844","timestamp":"2023-12-13 15:57:44"}
{"level":"info","message":"Connect to number : 51917641085","timestamp":"2023-12-13 15:57:44"}
{"level":"info","message":"RabbitMQ connected","timestamp":"2023-12-13 15:57:47"}
{"level":"info","message":"RabbitMQ consume : messagesPending-51900262844","timestamp":"2023-12-13 15:57:47"}
{"level":"info","message":"RabbitMQ consume : messagesPending-51917641085","timestamp":"2023-12-13 15:57:47"}
{"level":"info","message":"Connect to number : 51900262844","timestamp":"2023-12-13 15:57:58"}
{"level":"info","message":"Connect to number : 51917641085","timestamp":"2023-12-13 15:57:58"}
{"level":"info","message":"RabbitMQ connected","timestamp":"2023-12-13 15:58:01"}
{"level":"info","message":"RabbitMQ consume : messagesPending-51900262844","timestamp":"2023-12-13 15:58:01"}
{"level":"info","message":"RabbitMQ consume : messagesPending-51917641085","timestamp":"2023-12-13 15:58:01"}
{"level":"info","message":"Connect to number : 51900262844","timestamp":"2023-12-13 15:58:14"}
{"level":"info","message":"Connect to number : 51917641085","timestamp":"2023-12-13 15:58:14"}
{"level":"info","message":"RabbitMQ connected","timestamp":"2023-12-13 15:58:17"}
{"level":"info","message":"RabbitMQ consume : messagesPending-51900262844","timestamp":"2023-12-13 15:58:17"}
{"level":"info","message":"RabbitMQ consume : messagesPending-51917641085","timestamp":"2023-12-13 15:58:17"}
{"level":"info","message":"MongoDB connected","timestamp":"2023-12-13 15:58:19"}
{"level":"info","message":"Connection to MongoDB closed","timestamp":"2023-12-13 16:04:48"}
{"level":"info","message":"Connect to number : 51900262844","timestamp":"2023-12-13 16:05:44"}
{"level":"info","message":"Connect to number : 51917641085","timestamp":"2023-12-13 16:05:44"}
{"level":"info","message":"RabbitMQ connected","timestamp":"2023-12-13 16:05:46"}
{"level":"info","message":"RabbitMQ consume : messagesPending-51900262844","timestamp":"2023-12-13 16:05:46"}
{"level":"info","message":"RabbitMQ consume : messagesPending-51917641085","timestamp":"2023-12-13 16:05:46"}
{"level":"info","message":"Connect to number : 51900262844","timestamp":"2023-12-13 16:32:29"}
{"level":"info","message":"Connect to number : 51917641085","timestamp":"2023-12-13 16:32:29"}
{"level":"info","message":"RabbitMQ connected","timestamp":"2023-12-13 16:32:32"}
{"level":"info","message":"RabbitMQ consume : messagesPending-51900262844","timestamp":"2023-12-13 16:32:32"}
{"level":"info","message":"RabbitMQ consume : messagesPending-51917641085","timestamp":"2023-12-13 16:32:32"}
{"level":"info","message":"Connect to number : 51900262844","timestamp":"2023-12-13 16:32:45"}
{"level":"info","message":"Connect to number : 51917641085","timestamp":"2023-12-13 16:32:45"}
{"level":"info","message":"RabbitMQ connected","timestamp":"2023-12-13 16:32:48"}
{"level":"info","message":"RabbitMQ consume : messagesPending-51900262844","timestamp":"2023-12-13 16:32:48"}
{"level":"info","message":"RabbitMQ consume : messagesPending-51917641085","timestamp":"2023-12-13 16:32:48"}
{"level":"info","message":"Connect to number : 51900262844","timestamp":"2023-12-13 16:33:10"}
{"level":"info","message":"Connect to number : 51917641085","timestamp":"2023-12-13 16:33:10"}
{"level":"info","message":"RabbitMQ connected","timestamp":"2023-12-13 16:33:13"}
{"level":"info","message":"RabbitMQ consume : messagesPending-51900262844","timestamp":"2023-12-13 16:33:13"}
{"level":"info","message":"RabbitMQ consume : messagesPending-51917641085","timestamp":"2023-12-13 16:33:13"}
{"level":"info","message":"Connect to number : 51900262844","timestamp":"2023-12-13 16:33:31"}
{"level":"info","message":"Connect to number : 51917641085","timestamp":"2023-12-13 16:33:31"}
{"level":"info","message":"RabbitMQ connected","timestamp":"2023-12-13 16:33:34"}
{"level":"info","message":"RabbitMQ consume : messagesPending-51900262844","timestamp":"2023-12-13 16:33:34"}
{"level":"info","message":"RabbitMQ consume : messagesPending-51917641085","timestamp":"2023-12-13 16:33:34"}
{"level":"info","message":"Connect to number : 51900262844","timestamp":"2023-12-13 16:33:37"}
{"level":"info","message":"Connect to number : 51917641085","timestamp":"2023-12-13 16:33:37"}
{"level":"info","message":"RabbitMQ connected","timestamp":"2023-12-13 16:33:39"}
{"level":"info","message":"RabbitMQ consume : messagesPending-51900262844","timestamp":"2023-12-13 16:33:39"}
{"level":"info","message":"RabbitMQ consume : messagesPending-51917641085","timestamp":"2023-12-13 16:33:39"}
{"level":"info","message":"Connect to number : 51900262844","timestamp":"2023-12-13 16:34:06"}
{"level":"info","message":"Connect to number : 51917641085","timestamp":"2023-12-13 16:34:06"}
{"level":"info","message":"RabbitMQ connected","timestamp":"2023-12-13 16:34:09"}
{"level":"info","message":"RabbitMQ consume : messagesPending-51900262844","timestamp":"2023-12-13 16:34:09"}
{"level":"info","message":"RabbitMQ consume : messagesPending-51917641085","timestamp":"2023-12-13 16:34:09"}
{"level":"info","message":"MongoDB connected","timestamp":"2023-12-13 16:34:12"}
{"level":"info","message":"Connection to MongoDB closed","timestamp":"2023-12-13 16:34:15"}
{"level":"info","message":"Connect to number : 51900262844","timestamp":"2023-12-13 16:34:20"}
{"level":"info","message":"Connect to number : 51917641085","timestamp":"2023-12-13 16:34:20"}
{"level":"info","message":"RabbitMQ connected","timestamp":"2023-12-13 16:34:23"}
{"level":"info","message":"RabbitMQ consume : messagesPending-51900262844","timestamp":"2023-12-13 16:34:23"}
{"level":"info","message":"RabbitMQ consume : messagesPending-51917641085","timestamp":"2023-12-13 16:34:23"}
{"level":"info","message":"MongoDB connected","timestamp":"2023-12-13 16:34:25"}
{"level":"info","message":"Connect to number : 51900262844","timestamp":"2023-12-13 16:36:43"}
{"level":"info","message":"Connect to number : 51917641085","timestamp":"2023-12-13 16:36:43"}
{"level":"info","message":"RabbitMQ connected","timestamp":"2023-12-13 16:36:46"}
{"level":"info","message":"RabbitMQ consume : messagesPending-51900262844","timestamp":"2023-12-13 16:36:46"}
{"level":"info","message":"RabbitMQ consume : messagesPending-51917641085","timestamp":"2023-12-13 16:36:46"}
{"level":"info","message":"MongoDB connected","timestamp":"2023-12-13 16:36:48"}
{"level":"info","message":"Connection to MongoDB closed","timestamp":"2023-12-13 16:36:50"}
{"level":"info","message":"Connect to number : 51900262844","timestamp":"2023-12-13 16:37:14"}
{"level":"info","message":"Connect to number : 51917641085","timestamp":"2023-12-13 16:37:14"}
{"level":"info","message":"RabbitMQ connected","timestamp":"2023-12-13 16:37:17"}
{"level":"info","message":"RabbitMQ consume : messagesPending-51900262844","timestamp":"2023-12-13 16:37:17"}
{"level":"info","message":"RabbitMQ consume : messagesPending-51917641085","timestamp":"2023-12-13 16:37:17"}
{"level":"info","message":"MongoDB connected","timestamp":"2023-12-13 16:37:19"}
{"level":"info","message":"Connect to number : 51900262844","timestamp":"2023-12-13 16:39:50"}
{"level":"info","message":"Connect to number : 51917641085","timestamp":"2023-12-13 16:39:50"}
{"level":"info","message":"RabbitMQ connected","timestamp":"2023-12-13 16:39:52"}
{"level":"info","message":"RabbitMQ consume : messagesPending-51900262844","timestamp":"2023-12-13 16:39:52"}
{"level":"info","message":"RabbitMQ consume : messagesPending-51917641085","timestamp":"2023-12-13 16:39:52"}
{"level":"info","message":"MongoDB connected","timestamp":"2023-12-13 16:39:55"}
{"level":"info","message":"Connection to MongoDB closed","timestamp":"2023-12-13 16:39:59"}
{"level":"info","message":"Connect to number : 51900262844","timestamp":"2023-12-13 16:40:08"}
{"level":"info","message":"Connect to number : 51917641085","timestamp":"2023-12-13 16:40:08"}
{"level":"info","message":"RabbitMQ connected","timestamp":"2023-12-13 16:40:11"}
{"level":"info","message":"RabbitMQ consume : messagesPending-51900262844","timestamp":"2023-12-13 16:40:11"}
{"level":"info","message":"RabbitMQ consume : messagesPending-51917641085","timestamp":"2023-12-13 16:40:11"}
{"level":"info","message":"Connect to number : 51900262844","timestamp":"2023-12-13 16:40:47"}
{"level":"info","message":"Connect to number : 51917641085","timestamp":"2023-12-13 16:40:47"}
{"level":"info","message":"RabbitMQ connected","timestamp":"2023-12-13 16:40:50"}
{"level":"info","message":"RabbitMQ consume : messagesPending-51900262844","timestamp":"2023-12-13 16:40:50"}
{"level":"info","message":"RabbitMQ consume : messagesPending-51917641085","timestamp":"2023-12-13 16:40:50"}
{"level":"info","message":"Connect to number : 51900262844","timestamp":"2023-12-13 16:41:47"}
{"level":"info","message":"Connect to number : 51917641085","timestamp":"2023-12-13 16:41:47"}
{"level":"info","message":"RabbitMQ connected","timestamp":"2023-12-13 16:41:49"}
{"level":"info","message":"RabbitMQ consume : messagesPending-51900262844","timestamp":"2023-12-13 16:41:49"}
{"level":"info","message":"RabbitMQ consume : messagesPending-51917641085","timestamp":"2023-12-13 16:41:49"}
{"level":"info","message":"Connect to number : 51900262844","timestamp":"2023-12-13 16:42:50"}
{"level":"info","message":"Connect to number : 51917641085","timestamp":"2023-12-13 16:42:50"}
{"level":"info","message":"RabbitMQ connected","timestamp":"2023-12-13 16:42:52"}
{"level":"info","message":"RabbitMQ consume : messagesPending-51900262844","timestamp":"2023-12-13 16:42:52"}
{"level":"info","message":"RabbitMQ consume : messagesPending-51917641085","timestamp":"2023-12-13 16:42:52"}
{"level":"info","message":"Connect to number : 51900262844","timestamp":"2023-12-13 16:44:39"}
{"level":"info","message":"Connect to number : 51917641085","timestamp":"2023-12-13 16:44:39"}
{"level":"info","message":"RabbitMQ connected","timestamp":"2023-12-13 16:44:41"}
{"level":"info","message":"RabbitMQ consume : messagesPending-51900262844","timestamp":"2023-12-13 16:44:41"}
{"level":"info","message":"RabbitMQ consume : messagesPending-51917641085","timestamp":"2023-12-13 16:44:41"}
{"level":"info","message":"Connect to number : 51900262844","timestamp":"2023-12-13 16:44:53"}
{"level":"info","message":"Connect to number : 51917641085","timestamp":"2023-12-13 16:44:53"}
{"level":"info","message":"RabbitMQ connected","timestamp":"2023-12-13 16:44:56"}
{"level":"info","message":"RabbitMQ consume : messagesPending-51900262844","timestamp":"2023-12-13 16:44:56"}
{"level":"info","message":"RabbitMQ consume : messagesPending-51917641085","timestamp":"2023-12-13 16:44:56"}
{"level":"info","message":"Connect to number : 51900262844","timestamp":"2023-12-13 16:45:11"}
{"level":"info","message":"Connect to number : 51917641085","timestamp":"2023-12-13 16:45:11"}
{"level":"info","message":"RabbitMQ connected","timestamp":"2023-12-13 16:45:13"}
{"level":"info","message":"RabbitMQ consume : messagesPending-51900262844","timestamp":"2023-12-13 16:45:13"}
{"level":"info","message":"RabbitMQ consume : messagesPending-51917641085","timestamp":"2023-12-13 16:45:13"}
{"level":"info","message":"MongoDB connected","timestamp":"2023-12-13 16:45:16"}
{"level":"info","message":"Connection to MongoDB closed","timestamp":"2023-12-13 16:45:54"}
{"level":"info","message":"Connect to number : 51900262844","timestamp":"2023-12-13 16:45:57"}
{"level":"info","message":"Connect to number : 51917641085","timestamp":"2023-12-13 16:45:57"}
{"level":"info","message":"RabbitMQ connected","timestamp":"2023-12-13 16:46:00"}
{"level":"info","message":"RabbitMQ consume : messagesPending-51900262844","timestamp":"2023-12-13 16:46:00"}
{"level":"info","message":"RabbitMQ consume : messagesPending-51917641085","timestamp":"2023-12-13 16:46:00"}
{"level":"info","message":"MongoDB connected","timestamp":"2023-12-13 16:46:02"}
{"level":"info","message":"Connection to MongoDB closed","timestamp":"2023-12-13 16:56:34"}
{"level":"info","message":"Connect to number : 51900262844","timestamp":"2023-12-13 17:32:42"}
{"level":"info","message":"Connect to number : 51917641085","timestamp":"2023-12-13 17:32:42"}
{"level":"info","message":"RabbitMQ connected","timestamp":"2023-12-13 17:32:44"}
{"level":"info","message":"RabbitMQ consume : messagesPending-51900262844","timestamp":"2023-12-13 17:32:44"}
{"level":"info","message":"RabbitMQ consume : messagesPending-51917641085","timestamp":"2023-12-13 17:32:44"}
{"level":"info","message":"MongoDB connected","timestamp":"2023-12-13 17:32:47"}
{"level":"info","message":"Connection to MongoDB closed","timestamp":"2023-12-13 17:32:48"}
{"level":"info","message":"Connect to number : 51900262844","timestamp":"2023-12-13 17:33:35"}
{"level":"info","message":"Connect to number : 51917641085","timestamp":"2023-12-13 17:33:35"}
{"level":"info","message":"MongoDB connected","timestamp":"2023-12-13 17:33:40"}
{"level":"info","message":"RabbitMQ connected","timestamp":"2023-12-13 17:33:40"}
{"level":"info","message":"RabbitMQ consume : messagesPending-51900262844","timestamp":"2023-12-13 17:33:40"}
{"level":"info","message":"RabbitMQ consume : messagesPending-51917641085","timestamp":"2023-12-13 17:33:40"}
{"level":"info","message":"Connection to MongoDB closed","timestamp":"2023-12-13 17:34:22"}
{"level":"info","message":"Connect to number : 51900262844","timestamp":"2023-12-13 17:34:32"}
{"level":"info","message":"Connect to number : 51917641085","timestamp":"2023-12-13 17:34:32"}
{"level":"info","message":"MongoDB connected","timestamp":"2023-12-13 17:34:37"}
{"level":"info","message":"RabbitMQ connected","timestamp":"2023-12-13 17:34:37"}
{"level":"info","message":"RabbitMQ consume : messagesPending-51900262844","timestamp":"2023-12-13 17:34:37"}
{"level":"info","message":"RabbitMQ consume : messagesPending-51917641085","timestamp":"2023-12-13 17:34:37"}
{"level":"info","message":"Connection to MongoDB closed","timestamp":"2023-12-13 17:34:42"}
{"level":"info","message":"Connect to number : 51900262844","timestamp":"2023-12-14 17:25:03"}
{"level":"info","message":"Connect to number : 51917641085","timestamp":"2023-12-14 17:25:03"}
{"level":"info","message":"RabbitMQ connected","timestamp":"2023-12-14 17:25:08"}
{"level":"info","message":"RabbitMQ consume : messagesPending-51900262844","timestamp":"2023-12-14 17:25:08"}
{"level":"info","message":"RabbitMQ consume : messagesPending-51917641085","timestamp":"2023-12-14 17:25:08"}
{"level":"info","message":"Connect to number : 51900262844","timestamp":"2023-12-14 17:44:39"}
{"level":"info","message":"Connect to number : 51917641085","timestamp":"2023-12-14 17:44:39"}
{"level":"info","message":"RabbitMQ connected","timestamp":"2023-12-14 17:44:44"}
{"level":"info","message":"RabbitMQ consume : messagesPending-51900262844","timestamp":"2023-12-14 17:44:44"}
{"level":"info","message":"RabbitMQ consume : messagesPending-51917641085","timestamp":"2023-12-14 17:44:44"}
{"level":"info","message":"Connect to number : 51900262844","timestamp":"2023-12-14 17:52:34"}
{"level":"info","message":"Connect to number : 51917641085","timestamp":"2023-12-14 17:52:34"}
{"level":"info","message":"RabbitMQ connected","timestamp":"2023-12-14 17:52:39"}
{"level":"info","message":"RabbitMQ consume : messagesPending-51900262844","timestamp":"2023-12-14 17:52:39"}
{"level":"info","message":"RabbitMQ consume : messagesPending-51917641085","timestamp":"2023-12-14 17:52:39"}
{"level":"info","message":"Connect to number : 51900262844","timestamp":"2023-12-14 17:55:03"}
{"level":"info","message":"Connect to number : 51917641085","timestamp":"2023-12-14 17:55:03"}
{"level":"info","message":"RabbitMQ connected","timestamp":"2023-12-14 17:55:08"}
{"level":"info","message":"RabbitMQ consume : messagesPending-51900262844","timestamp":"2023-12-14 17:55:08"}
{"level":"info","message":"RabbitMQ consume : messagesPending-51917641085","timestamp":"2023-12-14 17:55:08"}
{"level":"info","message":"Connect to number : 51900262844","timestamp":"2023-12-14 17:56:00"}
{"level":"info","message":"Connect to number : 51917641085","timestamp":"2023-12-14 17:56:00"}
{"level":"info","message":"RabbitMQ connected","timestamp":"2023-12-14 17:56:05"}
{"level":"info","message":"RabbitMQ consume : messagesPending-51900262844","timestamp":"2023-12-14 17:56:05"}
{"level":"info","message":"RabbitMQ consume : messagesPending-51917641085","timestamp":"2023-12-14 17:56:05"}
{"level":"info","message":"Connect to number : 51900262844","timestamp":"2023-12-14 17:56:35"}
{"level":"info","message":"Connect to number : 51917641085","timestamp":"2023-12-14 17:56:35"}
{"level":"info","message":"RabbitMQ connected","timestamp":"2023-12-14 17:56:40"}
{"level":"info","message":"RabbitMQ consume : messagesPending-51900262844","timestamp":"2023-12-14 17:56:40"}
{"level":"info","message":"RabbitMQ consume : messagesPending-51917641085","timestamp":"2023-12-14 17:56:40"}
{"level":"info","message":"Connect to number : 51900262844","timestamp":"2023-12-14 17:57:14"}
{"level":"info","message":"Connect to number : 51917641085","timestamp":"2023-12-14 17:57:14"}
{"level":"info","message":"RabbitMQ connected","timestamp":"2023-12-14 17:57:19"}
{"level":"info","message":"RabbitMQ consume : messagesPending-51900262844","timestamp":"2023-12-14 17:57:19"}
{"level":"info","message":"RabbitMQ consume : messagesPending-51917641085","timestamp":"2023-12-14 17:57:19"}
{"level":"info","message":"Connect to number : 51900262844","timestamp":"2023-12-14 17:59:00"}
{"level":"info","message":"Connect to number : 51917641085","timestamp":"2023-12-14 17:59:00"}
{"level":"info","message":"RabbitMQ connected","timestamp":"2023-12-14 17:59:05"}
{"level":"info","message":"RabbitMQ consume : messagesPending-51900262844","timestamp":"2023-12-14 17:59:05"}
{"level":"info","message":"RabbitMQ consume : messagesPending-51917641085","timestamp":"2023-12-14 17:59:05"}
{"level":"info","message":"Connect to number : 51900262844","timestamp":"2023-12-14 17:59:20"}
{"level":"info","message":"Connect to number : 51917641085","timestamp":"2023-12-14 17:59:20"}
{"level":"info","message":"RabbitMQ connected","timestamp":"2023-12-14 17:59:25"}
{"level":"info","message":"RabbitMQ consume : messagesPending-51900262844","timestamp":"2023-12-14 17:59:25"}
{"level":"info","message":"RabbitMQ consume : messagesPending-51917641085","timestamp":"2023-12-14 17:59:25"}
{"level":"info","message":"Connect to number : 51900262844","timestamp":"2023-12-14 17:59:48"}
{"level":"info","message":"Connect to number : 51917641085","timestamp":"2023-12-14 17:59:48"}
{"level":"info","message":"RabbitMQ connected","timestamp":"2023-12-14 17:59:53"}
{"level":"info","message":"RabbitMQ consume : messagesPending-51900262844","timestamp":"2023-12-14 17:59:53"}
{"level":"info","message":"RabbitMQ consume : messagesPending-51917641085","timestamp":"2023-12-14 17:59:53"}
{"level":"info","message":"Connect to number : 51900262844","timestamp":"2023-12-14 18:01:03"}
{"level":"info","message":"Connect to number : 51917641085","timestamp":"2023-12-14 18:01:03"}
{"level":"info","message":"RabbitMQ connected","timestamp":"2023-12-14 18:01:08"}
{"level":"info","message":"RabbitMQ consume : messagesPending-51900262844","timestamp":"2023-12-14 18:01:08"}
{"level":"info","message":"RabbitMQ consume : messagesPending-51917641085","timestamp":"2023-12-14 18:01:08"}
{"level":"info","message":"Connect to number : 51900262844","timestamp":"2023-12-14 18:03:42"}
{"level":"info","message":"Connect to number : 51917641085","timestamp":"2023-12-14 18:03:42"}
{"level":"info","message":"RabbitMQ connected","timestamp":"2023-12-14 18:03:47"}
{"level":"info","message":"RabbitMQ consume : messagesPending-51900262844","timestamp":"2023-12-14 18:03:47"}
{"level":"info","message":"RabbitMQ consume : messagesPending-51917641085","timestamp":"2023-12-14 18:03:47"}
{"level":"info","message":"Connect to number : 51900262844","timestamp":"2023-12-14 18:04:21"}
{"level":"info","message":"Connect to number : 51917641085","timestamp":"2023-12-14 18:04:21"}
{"level":"info","message":"RabbitMQ connected","timestamp":"2023-12-14 18:04:26"}
{"level":"info","message":"RabbitMQ consume : messagesPending-51900262844","timestamp":"2023-12-14 18:04:26"}
{"level":"info","message":"RabbitMQ consume : messagesPending-51917641085","timestamp":"2023-12-14 18:04:26"}
{"level":"info","message":"Connect to number : 51900262844","timestamp":"2023-12-14 18:04:36"}
{"level":"info","message":"Connect to number : 51917641085","timestamp":"2023-12-14 18:04:36"}
{"level":"info","message":"RabbitMQ connected","timestamp":"2023-12-14 18:04:41"}
{"level":"info","message":"RabbitMQ consume : messagesPending-51900262844","timestamp":"2023-12-14 18:04:41"}
{"level":"info","message":"RabbitMQ consume : messagesPending-51917641085","timestamp":"2023-12-14 18:04:41"}
{"level":"info","message":"Connect to number : 51900262844","timestamp":"2023-12-14 18:05:16"}
{"level":"info","message":"Connect to number : 51917641085","timestamp":"2023-12-14 18:05:16"}
{"level":"info","message":"RabbitMQ connected","timestamp":"2023-12-14 18:05:21"}
{"level":"info","message":"RabbitMQ consume : messagesPending-51900262844","timestamp":"2023-12-14 18:05:21"}
{"level":"info","message":"RabbitMQ consume : messagesPending-51917641085","timestamp":"2023-12-14 18:05:21"}
{"level":"info","message":"Connect to number : 51900262844","timestamp":"2023-12-14 18:05:30"}
{"level":"info","message":"Connect to number : 51917641085","timestamp":"2023-12-14 18:05:30"}
{"level":"info","message":"RabbitMQ connected","timestamp":"2023-12-14 18:05:35"}
{"level":"info","message":"RabbitMQ consume : messagesPending-51900262844","timestamp":"2023-12-14 18:05:35"}
{"level":"info","message":"RabbitMQ consume : messagesPending-51917641085","timestamp":"2023-12-14 18:05:35"}
{"level":"info","message":"Connect to number : 51900262844","timestamp":"2023-12-14 18:07:21"}
{"level":"info","message":"Connect to number : 51917641085","timestamp":"2023-12-14 18:07:21"}
{"level":"info","message":"RabbitMQ connected","timestamp":"2023-12-14 18:07:25"}
{"level":"info","message":"RabbitMQ consume : messagesPending-51900262844","timestamp":"2023-12-14 18:07:25"}
{"level":"info","message":"RabbitMQ consume : messagesPending-51917641085","timestamp":"2023-12-14 18:07:25"}
{"level":"info","message":"Connect to number : 51900262844","timestamp":"2023-12-14 18:08:07"}
{"level":"info","message":"Connect to number : 51917641085","timestamp":"2023-12-14 18:08:07"}
{"level":"info","message":"RabbitMQ connected","timestamp":"2023-12-14 18:08:12"}
{"level":"info","message":"RabbitMQ consume : messagesPending-51900262844","timestamp":"2023-12-14 18:08:12"}
{"level":"info","message":"RabbitMQ consume : messagesPending-51917641085","timestamp":"2023-12-14 18:08:12"}
{"level":"info","message":"Connect to number : 51900262844","timestamp":"2023-12-14 18:09:27"}
{"level":"info","message":"Connect to number : 51917641085","timestamp":"2023-12-14 18:09:27"}
{"level":"info","message":"RabbitMQ connected","timestamp":"2023-12-14 18:09:32"}
{"level":"info","message":"RabbitMQ consume : messagesPending-51900262844","timestamp":"2023-12-14 18:09:32"}
{"level":"info","message":"RabbitMQ consume : messagesPending-51917641085","timestamp":"2023-12-14 18:09:32"}
{"level":"info","message":"Connect to number : 51900262844","timestamp":"2023-12-14 18:18:42"}
{"level":"info","message":"Connect to number : 51917641085","timestamp":"2023-12-14 18:18:42"}
{"level":"info","message":"RabbitMQ connected","timestamp":"2023-12-14 18:18:47"}
{"level":"info","message":"RabbitMQ consume : messagesPending-51900262844","timestamp":"2023-12-14 18:18:47"}
{"level":"info","message":"RabbitMQ consume : messagesPending-51917641085","timestamp":"2023-12-14 18:18:47"}
{"level":"info","message":"Connect to number : 51900262844","timestamp":"2023-12-14 18:34:41"}
{"level":"info","message":"Connect to number : 51917641085","timestamp":"2023-12-14 18:34:41"}
{"level":"info","message":"Connect to number : 51900262844","timestamp":"2023-12-14 18:42:43"}
{"level":"info","message":"Connect to number : 51917641085","timestamp":"2023-12-14 18:42:43"}
{"level":"info","message":"Connect to number : 51900262844","timestamp":"2023-12-14 18:42:55"}
{"level":"info","message":"Connect to number : 51917641085","timestamp":"2023-12-14 18:42:55"}
{"level":"info","message":"RabbitMQ connected","timestamp":"2023-12-14 18:43:00"}
{"level":"info","message":"RabbitMQ consume : messagesPending-51900262844","timestamp":"2023-12-14 18:43:00"}
{"level":"info","message":"RabbitMQ consume : messagesPending-51917641085","timestamp":"2023-12-14 18:43:00"}
{"level":"info","message":"Connect to number : 51900262844","timestamp":"2023-12-14 18:59:57"}
{"level":"info","message":"Connect to number : 51917641085","timestamp":"2023-12-14 18:59:57"}
{"level":"info","message":"Connect to number : 51900262844","timestamp":"2023-12-14 19:01:01"}
{"level":"info","message":"Connect to number : 51917641085","timestamp":"2023-12-14 19:01:01"}
{"level":"info","message":"RabbitMQ connected","timestamp":"2023-12-14 19:01:06"}
{"level":"info","message":"RabbitMQ consume : messagesPending-51900262844","timestamp":"2023-12-14 19:01:06"}
{"level":"info","message":"RabbitMQ consume : messagesPending-51917641085","timestamp":"2023-12-14 19:01:06"}
{"level":"info","message":"Connect to number : 51900262844","timestamp":"2023-12-14 19:05:34"}
{"level":"info","message":"Connect to number : 51917641085","timestamp":"2023-12-14 19:05:34"}
{"level":"info","message":"RabbitMQ connected","timestamp":"2023-12-14 19:05:39"}
{"level":"info","message":"RabbitMQ consume : messagesPending-51900262844","timestamp":"2023-12-14 19:05:39"}
{"level":"info","message":"RabbitMQ consume : messagesPending-51917641085","timestamp":"2023-12-14 19:05:39"}
{"level":"info","message":"Connect to number : 51900262844","timestamp":"2023-12-14 19:05:52"}
{"level":"info","message":"Connect to number : 51917641085","timestamp":"2023-12-14 19:05:52"}
{"level":"info","message":"RabbitMQ connected","timestamp":"2023-12-14 19:05:57"}
{"level":"info","message":"RabbitMQ consume : messagesPending-51900262844","timestamp":"2023-12-14 19:05:57"}
{"level":"info","message":"RabbitMQ consume : messagesPending-51917641085","timestamp":"2023-12-14 19:05:57"}
{"level":"info","message":"Connect to number : 51900262844","timestamp":"2023-12-14 19:06:06"}
{"level":"info","message":"Connect to number : 51917641085","timestamp":"2023-12-14 19:06:06"}
{"level":"info","message":"RabbitMQ connected","timestamp":"2023-12-14 19:06:11"}
{"level":"info","message":"RabbitMQ consume : messagesPending-51900262844","timestamp":"2023-12-14 19:06:11"}
{"level":"info","message":"RabbitMQ consume : messagesPending-51917641085","timestamp":"2023-12-14 19:06:11"}
{"level":"info","message":"Connect to number : 51900262844","timestamp":"2023-12-14 19:30:59"}
{"level":"info","message":"Connect to number : 51917641085","timestamp":"2023-12-14 19:30:59"}
{"level":"info","message":"RabbitMQ connected","timestamp":"2023-12-14 19:31:04"}
{"level":"info","message":"RabbitMQ consume : messagesPending-51900262844","timestamp":"2023-12-14 19:31:04"}
{"level":"info","message":"RabbitMQ consume : messagesPending-51917641085","timestamp":"2023-12-14 19:31:04"}
{"level":"info","message":"Connect to number : 51900262844","timestamp":"2023-12-14 22:05:51"}
{"level":"info","message":"Connect to number : 51917641085","timestamp":"2023-12-14 22:05:51"}
{"level":"info","message":"RabbitMQ connected","timestamp":"2023-12-14 22:05:55"}
{"level":"info","message":"RabbitMQ consume : messagesPending-51900262844","timestamp":"2023-12-14 22:05:55"}
{"level":"info","message":"RabbitMQ consume : messagesPending-51917641085","timestamp":"2023-12-14 22:05:55"}
{"level":"info","message":"Connect to number : 51900262844","timestamp":"2023-12-14 22:09:37"}
{"level":"info","message":"Connect to number : 51917641085","timestamp":"2023-12-14 22:09:37"}
{"level":"info","message":"RabbitMQ connected","timestamp":"2023-12-14 22:09:42"}
{"level":"info","message":"RabbitMQ consume : messagesPending-51900262844","timestamp":"2023-12-14 22:09:42"}
{"level":"info","message":"RabbitMQ consume : messagesPending-51917641085","timestamp":"2023-12-14 22:09:42"}
{"level":"info","message":"Connect to number : 51900262844","timestamp":"2023-12-14 22:12:38"}
{"level":"info","message":"Connect to number : 51917641085","timestamp":"2023-12-14 22:12:38"}
{"level":"info","message":"Connect to number : 51900262844","timestamp":"2023-12-14 22:12:55"}
{"level":"info","message":"Connect to number : 51917641083","timestamp":"2023-12-14 22:12:55"}
{"level":"info","message":"Connect to number : 51917641085","timestamp":"2023-12-14 22:12:55"}
{"level":"info","message":"Connect to number : 51900262844","timestamp":"2023-12-14 22:13:32"}
{"level":"info","message":"Connect to number : 51917641085","timestamp":"2023-12-14 22:13:32"}
{"level":"info","message":"Connect to number : 51900262844","timestamp":"2023-12-15 19:32:49"}
{"level":"info","message":"Connect to number : 51917641085","timestamp":"2023-12-15 19:32:49"}
{"level":"info","message":"RabbitMQ connected","timestamp":"2023-12-15 19:32:53"}
{"level":"info","message":"RabbitMQ consume : messagesPending-51900262844","timestamp":"2023-12-15 19:32:53"}
{"level":"info","message":"RabbitMQ consume : messagesPending-51917641085","timestamp":"2023-12-15 19:32:53"}
{"level":"info","message":"Connect to number : 51900262844","timestamp":"2023-12-15 20:18:50"}
{"level":"info","message":"Connect to number : 51917641085","timestamp":"2023-12-15 20:18:50"}
{"level":"info","message":"Connect to number : 51900262844","timestamp":"2023-12-15 20:18:50"}
{"level":"info","message":"Connect to number : 51917641085","timestamp":"2023-12-15 20:18:50"}
{"level":"info","message":"RabbitMQ connected","timestamp":"2023-12-15 20:18:55"}
{"level":"info","message":"RabbitMQ consume : messagesPending-51900262844","timestamp":"2023-12-15 20:18:55"}
{"level":"info","message":"RabbitMQ consume : messagesPending-51917641085","timestamp":"2023-12-15 20:18:55"}
{"level":"info","message":"RabbitMQ connected","timestamp":"2023-12-15 20:18:55"}
{"level":"info","message":"RabbitMQ consume : messagesPending-51900262844","timestamp":"2023-12-15 20:18:55"}
{"level":"info","message":"RabbitMQ consume : messagesPending-51917641085","timestamp":"2023-12-15 20:18:55"}
{"level":"info","message":"Connect to number : 51900262844","timestamp":"2023-12-15 20:19:34"}
{"level":"info","message":"Connect to number : 51917641085","timestamp":"2023-12-15 20:19:34"}
{"level":"info","message":"Connect to number : 51900262844","timestamp":"2023-12-15 20:19:34"}
{"level":"info","message":"Connect to number : 51917641085","timestamp":"2023-12-15 20:19:34"}
{"level":"info","message":"RabbitMQ connected","timestamp":"2023-12-15 20:19:39"}
{"level":"info","message":"RabbitMQ consume : messagesPending-51900262844","timestamp":"2023-12-15 20:19:39"}
{"level":"info","message":"RabbitMQ consume : messagesPending-51917641085","timestamp":"2023-12-15 20:19:39"}
{"level":"info","message":"RabbitMQ connected","timestamp":"2023-12-15 20:19:39"}
{"level":"info","message":"RabbitMQ consume : messagesPending-51900262844","timestamp":"2023-12-15 20:19:39"}
{"level":"info","message":"RabbitMQ consume : messagesPending-51917641085","timestamp":"2023-12-15 20:19:39"}
{"level":"info","message":"Connect to number : 51900262844","timestamp":"2023-12-15 20:19:47"}
{"level":"info","message":"Connect to number : 51917641085","timestamp":"2023-12-15 20:19:47"}
{"level":"info","message":"Connect to number : 51900262844","timestamp":"2023-12-15 20:19:50"}
{"level":"info","message":"Connect to number : 51917641085","timestamp":"2023-12-15 20:19:50"}
{"level":"info","message":"RabbitMQ connected","timestamp":"2023-12-15 20:19:51"}
{"level":"info","message":"RabbitMQ consume : messagesPending-51900262844","timestamp":"2023-12-15 20:19:51"}
{"level":"info","message":"RabbitMQ consume : messagesPending-51917641085","timestamp":"2023-12-15 20:19:51"}
{"level":"info","message":"RabbitMQ connected","timestamp":"2023-12-15 20:19:55"}
{"level":"info","message":"RabbitMQ consume : messagesPending-51900262844","timestamp":"2023-12-15 20:19:55"}
{"level":"info","message":"RabbitMQ consume : messagesPending-51917641085","timestamp":"2023-12-15 20:19:55"}
{"level":"info","message":"Connect to number : 51900262844","timestamp":"2023-12-15 20:23:01"}
{"level":"info","message":"Connect to number : 51917641085","timestamp":"2023-12-15 20:23:01"}
{"level":"info","message":"Connect to number : 51900262844","timestamp":"2023-12-15 20:23:43"}
{"level":"info","message":"Connect to number : 51917641085","timestamp":"2023-12-15 20:23:43"}
{"level":"info","message":"RabbitMQ connected","timestamp":"2023-12-15 20:23:48"}
{"level":"info","message":"RabbitMQ consume : messagesPending-51900262844","timestamp":"2023-12-15 20:23:48"}
{"level":"info","message":"RabbitMQ consume : messagesPending-51917641085","timestamp":"2023-12-15 20:23:48"}
{"level":"info","message":"Connect to number : 51900262844","timestamp":"2023-12-15 20:24:51"}
{"level":"info","message":"Connect to number : 51917641085","timestamp":"2023-12-15 20:24:51"}
{"level":"info","message":"RabbitMQ connected","timestamp":"2023-12-15 20:24:56"}
{"level":"info","message":"RabbitMQ consume : messagesPending-51900262844","timestamp":"2023-12-15 20:24:56"}
{"level":"info","message":"RabbitMQ consume : messagesPending-51917641085","timestamp":"2023-12-15 20:24:56"}
{"level":"info","message":"Connect to number : 51900262844","timestamp":"2023-12-15 21:25:00"}
{"level":"info","message":"Connect to number : 51917641085","timestamp":"2023-12-15 21:25:00"}
{"level":"info","message":"RabbitMQ connected","timestamp":"2023-12-15 21:25:05"}
{"level":"info","message":"RabbitMQ consume : messagesPending-51900262844","timestamp":"2023-12-15 21:25:05"}
{"level":"info","message":"RabbitMQ consume : messagesPending-51917641085","timestamp":"2023-12-15 21:25:05"}
{"level":"info","message":"Connect to number : 51900262844","timestamp":"2023-12-15 21:26:11"}
{"level":"info","message":"Connect to number : 51917641085","timestamp":"2023-12-15 21:26:11"}
{"level":"info","message":"Connect to number : 51900262844","timestamp":"2023-12-15 21:26:11"}
{"level":"info","message":"Connect to number : 51917641085","timestamp":"2023-12-15 21:26:11"}
{"level":"info","message":"Connect to number : 51900262844","timestamp":"2023-12-15 21:26:12"}
{"level":"info","message":"Connect to number : 51917641085","timestamp":"2023-12-15 21:26:12"}
{"level":"info","message":"RabbitMQ connected","timestamp":"2023-12-15 21:26:16"}
{"level":"info","message":"RabbitMQ consume : messagesPending-51900262844","timestamp":"2023-12-15 21:26:16"}
{"level":"info","message":"RabbitMQ consume : messagesPending-51917641085","timestamp":"2023-12-15 21:26:16"}
{"level":"info","message":"RabbitMQ connected","timestamp":"2023-12-15 21:26:16"}
{"level":"info","message":"RabbitMQ consume : messagesPending-51900262844","timestamp":"2023-12-15 21:26:16"}
{"level":"info","message":"RabbitMQ consume : messagesPending-51917641085","timestamp":"2023-12-15 21:26:16"}
{"level":"info","message":"RabbitMQ connected","timestamp":"2023-12-15 21:26:16"}
{"level":"info","message":"RabbitMQ consume : messagesPending-51900262844","timestamp":"2023-12-15 21:26:16"}
{"level":"info","message":"RabbitMQ consume : messagesPending-51917641085","timestamp":"2023-12-15 21:26:16"}
{"level":"info","message":"Connect to number : 51900262844","timestamp":"2023-12-15 21:27:19"}
{"level":"info","message":"Connect to number : 51917641085","timestamp":"2023-12-15 21:27:19"}
{"level":"info","message":"RabbitMQ connected","timestamp":"2023-12-15 21:27:24"}
{"level":"info","message":"RabbitMQ consume : messagesPending-51900262844","timestamp":"2023-12-15 21:27:24"}
{"level":"info","message":"RabbitMQ consume : messagesPending-51917641085","timestamp":"2023-12-15 21:27:24"}
